Removed Pin From Net: NetName=Power+ Pin=C2-1
Removed Pin From Net: NetName=Power - Pin=C2-2
Change Component Footprint: Designator=C2 Old Footprint=CAPC1608X95N New Footprint=CAPC4532X140N
Change component parameters: Designator = "C2" ("C2"); Footprint = "CAPC1608X95N"; UniqueID = "\FGSXMSCK" ("\FGSXMSCK")
Change component parameters (AddParameter): Name = "Check_prices"; Value = "https://www.snapeda.com/parts/C1812C104J1GACAUTO/Kemet/view-part/?ref=eda"; VariantName = "[No Variations]"
Change component parameters (AddParameter): Name = "MF"; Value = "KEMET"; VariantName = "[No Variations]"
Change component parameters (AddParameter): Name = "MP"; Value = "C1812C104J1GACAUTO"; VariantName = "[No Variations]"
Change component parameters (AddParameter): Name = "Package"; Value = "4532 KEMET"; VariantName = "[No Variations]"
Change component parameters (AddParameter): Name = "SnapEDA_Link"; Value = "https://www.snapeda.com/parts/C1812C104J1GACAUTO/Kemet/view-part/?ref=snap"; VariantName = "[No Variations]"
Change component parameters (AddParameter): Name = "Value"; Value = ""; VariantName = "[No Variations]"
Added Component: Designator=C3(CAPC4532X140N)
Add component (AddParameter): Name = "Check_prices"; Value = "https://www.snapeda.com/parts/C1812C104J1GACAUTO/Kemet/view-part/?ref=eda"; VariantName = "[No Variations]"
Add component (AddParameter): Name = "MF"; Value = "KEMET"; VariantName = "[No Variations]"
Add component (AddParameter): Name = "MP"; Value = "C1812C104J1GACAUTO"; VariantName = "[No Variations]"
Add component (AddParameter): Name = "Package"; Value = "4532 KEMET"; VariantName = "[No Variations]"
Add component (AddParameter): Name = "SnapEDA_Link"; Value = "https://www.snapeda.com/parts/C1812C104J1GACAUTO/Kemet/view-part/?ref=snap"; VariantName = "[No Variations]"
Add component (AddParameter): Name = "Value"; Value = ""; VariantName = "[No Variations]"
Added Component: Designator=C?(CAPC4532X140N)
Add component (AddParameter): Name = "Check_prices"; Value = "https://www.snapeda.com/parts/C1812C104J1GACAUTO/Kemet/view-part/?ref=eda"; VariantName = "[No Variations]"
Add component (AddParameter): Name = "MF"; Value = "KEMET"; VariantName = "[No Variations]"
Add component (AddParameter): Name = "MP"; Value = "C1812C104J1GACAUTO"; VariantName = "[No Variations]"
Add component (AddParameter): Name = "Package"; Value = "4532 KEMET"; VariantName = "[No Variations]"
Add component (AddParameter): Name = "SnapEDA_Link"; Value = "https://www.snapeda.com/parts/C1812C104J1GACAUTO/Kemet/view-part/?ref=snap"; VariantName = "[No Variations]"
Add component (AddParameter): Name = "Value"; Value = ""; VariantName = "[No Variations]"
Added Pin To Net: NetName=Power - Pin=C2-1
Added Pin To Net: NetName=Power+ Pin=C2-2
Added Pin To Net: NetName=Power - Pin=C3-1
Added Pin To Net: NetName=Power+ Pin=C3-2
Added Member To Class: ClassName=Schemat Member=Component C3 100N
Added Member To Class: ClassName=Schemat Member=Component C? C1812C104J1GACAUTO
