Added Component: Designator=P1(16PMI-10K)
Added Component: Designator=P2(16PMI-10K)
Added Component: Designator=P3(16PMI-10K)
Added Component: Designator=P4(16PMI-10K)
Added Component: Designator=P5(16PMI-10K)
Added Component: Designator=R8(RES_ERJP06F2001V)
Add component (AddParameter): Name = "Availability"; Value = "Unavailable"; VariantName = "[No Variations]"
Add component (AddParameter): Name = "MF"; Value = ""; VariantName = "[No Variations]"
Add component (AddParameter): Name = "MP"; Value = "ERJP06F2001V"; VariantName = "[No Variations]"
Add component (AddParameter): Name = "Package"; Value = "None"; VariantName = "[No Variations]"
Add component (AddParameter): Name = "Price"; Value = "None"; VariantName = "[No Variations]"
Add component (AddParameter): Name = "Value"; Value = ""; VariantName = "[No Variations]"
Added Component: Designator=R9(RES_ERJP06F2001V)
Add component (AddParameter): Name = "Availability"; Value = "Unavailable"; VariantName = "[No Variations]"
Add component (AddParameter): Name = "MF"; Value = ""; VariantName = "[No Variations]"
Add component (AddParameter): Name = "MP"; Value = "ERJP06F2001V"; VariantName = "[No Variations]"
Add component (AddParameter): Name = "Package"; Value = "None"; VariantName = "[No Variations]"
Add component (AddParameter): Name = "Price"; Value = "None"; VariantName = "[No Variations]"
Add component (AddParameter): Name = "Value"; Value = ""; VariantName = "[No Variations]"
Added Component: Designator=R10(RES_ERJP06F2001V)
Add component (AddParameter): Name = "Availability"; Value = "Unavailable"; VariantName = "[No Variations]"
Add component (AddParameter): Name = "MF"; Value = ""; VariantName = "[No Variations]"
Add component (AddParameter): Name = "MP"; Value = "ERJP06F2001V"; VariantName = "[No Variations]"
Add component (AddParameter): Name = "Package"; Value = "None"; VariantName = "[No Variations]"
Add component (AddParameter): Name = "Price"; Value = "None"; VariantName = "[No Variations]"
Add component (AddParameter): Name = "Value"; Value = ""; VariantName = "[No Variations]"
Added Component: Designator=R11(RES_ERJP06F2001V)
Add component (AddParameter): Name = "Availability"; Value = "Unavailable"; VariantName = "[No Variations]"
Add component (AddParameter): Name = "MF"; Value = ""; VariantName = "[No Variations]"
Add component (AddParameter): Name = "MP"; Value = "ERJP06F2001V"; VariantName = "[No Variations]"
Add component (AddParameter): Name = "Package"; Value = "None"; VariantName = "[No Variations]"
Add component (AddParameter): Name = "Price"; Value = "None"; VariantName = "[No Variations]"
Add component (AddParameter): Name = "Value"; Value = ""; VariantName = "[No Variations]"
Added Component: Designator=R12(RES_ERJP06F2001V)
Add component (AddParameter): Name = "Availability"; Value = "Unavailable"; VariantName = "[No Variations]"
Add component (AddParameter): Name = "MF"; Value = ""; VariantName = "[No Variations]"
Add component (AddParameter): Name = "MP"; Value = "ERJP06F2001V"; VariantName = "[No Variations]"
Add component (AddParameter): Name = "Package"; Value = "None"; VariantName = "[No Variations]"
Add component (AddParameter): Name = "Price"; Value = "None"; VariantName = "[No Variations]"
Add component (AddParameter): Name = "Value"; Value = ""; VariantName = "[No Variations]"
Added Pin To Net: NetName=Buffer_Feed1 Pin=R8-1
Added Pin To Net: NetName=Buffer_Feed2 Pin=R9-1
Added Pin To Net: NetName=Buffer_Feed3 Pin=R10-1
Added Pin To Net: NetName=Buffer_Feed4 Pin=R11-1
Added Pin To Net: NetName=Buffer_Feed5 Pin=R12-1
Added Pin To Net: NetName=BIAS Pin=U1-5
Added Pin To Net: NetName=BIAS Pin=U1-12
Added Pin To Net: NetName=BIAS Pin=U2-5
Added Pin To Net: NetName=BIAS Pin=U2-12
Added Pin To Net: NetName=BIAS Pin=U3-5
Added Pin To Net: NetName=BIAS Pin=U3-12
Added Pin To Net: NetName=AmpIn1 Pin=P1-3
Added Pin To Net: NetName=AmpIn1 Pin=R8-2
Added Pin To Net: NetName=AmpIn1 Pin=U1-6
Added Net: Name=AmpIn1
Added Pin To Net: NetName=AmpIn2 Pin=P2-3
Added Pin To Net: NetName=AmpIn2 Pin=R9-2
Added Pin To Net: NetName=AmpIn2 Pin=U1-13
Added Net: Name=AmpIn2
Added Pin To Net: NetName=AmpIn3 Pin=P3-3
Added Pin To Net: NetName=AmpIn3 Pin=R10-2
Added Pin To Net: NetName=AmpIn3 Pin=U2-6
Added Pin To Net: NetName=AmpIn3 Pin=U2-13
Added Net: Name=AmpIn3
Added Pin To Net: NetName=AmpIn4 Pin=P4-3
Added Pin To Net: NetName=AmpIn4 Pin=R11-2
Added Net: Name=AmpIn4
Added Pin To Net: NetName=AmpIn5 Pin=P5-3
Added Pin To Net: NetName=AmpIn5 Pin=R12-2
Added Pin To Net: NetName=AmpIn5 Pin=U3-6
Added Net: Name=AmpIn5
Added Pin To Net: NetName=AmpOut1 Pin=P1-2
Added Pin To Net: NetName=AmpOut1 Pin=U1-7
Added Net: Name=AmpOut1
Added Pin To Net: NetName=AmpOut2 Pin=P2-2
Added Pin To Net: NetName=AmpOut2 Pin=U1-14
Added Net: Name=AmpOut2
Added Pin To Net: NetName=AmpOut3 Pin=P3-2
Added Pin To Net: NetName=AmpOut3 Pin=U2-7
Added Net: Name=AmpOut3
Added Pin To Net: NetName=AmpOut4 Pin=P4-2
Added Pin To Net: NetName=AmpOut4 Pin=U2-14
Added Net: Name=AmpOut4
Added Pin To Net: NetName=AmpOut5 Pin=P5-2
Added Pin To Net: NetName=AmpOut5 Pin=U3-7
Added Net: Name=AmpOut5
Added Member To Class: ClassName=Schemat Member=Component C7 100n
Added Member To Class: ClassName=Schemat Member=Component P1 10K
Added Member To Class: ClassName=Schemat Member=Component P2 10K
Added Member To Class: ClassName=Schemat Member=Component P3 10K
Added Member To Class: ClassName=Schemat Member=Component P4 10K
Added Member To Class: ClassName=Schemat Member=Component P5 10K
Added Member To Class: ClassName=Schemat Member=Component R5 1MEG
Added Member To Class: ClassName=Schemat Member=Component R8 2K
Added Member To Class: ClassName=Schemat Member=Component R9 2K
Added Member To Class: ClassName=Schemat Member=Component R10 2K
Added Member To Class: ClassName=Schemat Member=Component R11 2K
Added Member To Class: ClassName=Schemat Member=Component R12 2K
